Analysis & Synthesis report for oled_i2c
Sun Nov 03 17:11:14 2019
Quartus Prime Version 18.1.0 Build 625 09/12/2018 SJ Lite Edition


---------------------
; Table of Contents ;
---------------------
  1. Legal Notice
  2. Analysis & Synthesis Summary
  3. Analysis & Synthesis Settings
  4. Parallel Compilation
  5. Analysis & Synthesis Messages
  6. Analysis & Synthesis Suppressed Messages



----------------
; Legal Notice ;
----------------
Copyright (C) 2018  Intel Corporation. All rights reserved.
Your use of Intel Corporation's design tools, logic functions 
and other software and tools, and its AMPP partner logic 
functions, and any output files from any of the foregoing 
(including device programming or simulation files), and any 
associated documentation or information are expressly subject 
to the terms and conditions of the Intel Program License 
Subscription Agreement, the Intel Quartus Prime License Agreement,
the Intel FPGA IP License Agreement, or other applicable license
agreement, including, without limitation, that your use is for
the sole purpose of programming logic devices manufactured by
Intel and sold by Intel or its authorized distributors.  Please
refer to the applicable agreement for further details.



+---------------------------------------------------------------------------+
; Analysis & Synthesis Summary                                              ;
+-----------------------------+---------------------------------------------+
; Analysis & Synthesis Status ; Failed - Sun Nov 03 17:11:14 2019           ;
; Quartus Prime Version       ; 18.1.0 Build 625 09/12/2018 SJ Lite Edition ;
; Revision Name               ; oled_i2c                                    ;
; Top-level Entity Name       ; oled_i2c                                    ;
; Family                      ; Cyclone V                                   ;
; Logic utilization (in ALMs) ; N/A until Partition Merge                   ;
; Total registers             ; N/A until Partition Merge                   ;
; Total pins                  ; N/A until Partition Merge                   ;
; Total virtual pins          ; N/A until Partition Merge                   ;
; Total block memory bits     ; N/A until Partition Merge                   ;
; Total PLLs                  ; N/A until Partition Merge                   ;
; Total DLLs                  ; N/A until Partition Merge                   ;
+-----------------------------+---------------------------------------------+


+---------------------------------------------------------------------------------------------------------------------------+
; Analysis & Synthesis Settings                                                                                             ;
+---------------------------------------------------------------------------------+--------------------+--------------------+
; Option                                                                          ; Setting            ; Default Value      ;
+---------------------------------------------------------------------------------+--------------------+--------------------+
; Device                                                                          ; 5CSEMA5F31C6       ;                    ;
; Top-level entity name                                                           ; oled_i2c           ; oled_i2c           ;
; Family name                                                                     ; Cyclone V          ; Cyclone V          ;
; Use smart compilation                                                           ; Off                ; Off                ;
; Enable parallel Assembler and Timing Analyzer during compilation                ; On                 ; On                 ;
; Enable compact report table                                                     ; Off                ; Off                ;
; Restructure Multiplexers                                                        ; Auto               ; Auto               ;
; MLAB Add Timing Constraints For Mixed-Port Feed-Through Mode Setting Don't Care ; Off                ; Off                ;
; Create Debugging Nodes for IP Cores                                             ; Off                ; Off                ;
; Preserve fewer node names                                                       ; On                 ; On                 ;
; Intel FPGA IP Evaluation Mode                                                   ; Enable             ; Enable             ;
; Verilog Version                                                                 ; Verilog_2001       ; Verilog_2001       ;
; VHDL Version                                                                    ; VHDL_1993          ; VHDL_1993          ;
; State Machine Processing                                                        ; Auto               ; Auto               ;
; Safe State Machine                                                              ; Off                ; Off                ;
; Extract Verilog State Machines                                                  ; On                 ; On                 ;
; Extract VHDL State Machines                                                     ; On                 ; On                 ;
; Ignore Verilog initial constructs                                               ; Off                ; Off                ;
; Iteration limit for constant Verilog loops                                      ; 5000               ; 5000               ;
; Iteration limit for non-constant Verilog loops                                  ; 250                ; 250                ;
; Add Pass-Through Logic to Inferred RAMs                                         ; On                 ; On                 ;
; Infer RAMs from Raw Logic                                                       ; On                 ; On                 ;
; Parallel Synthesis                                                              ; On                 ; On                 ;
; DSP Block Balancing                                                             ; Auto               ; Auto               ;
; NOT Gate Push-Back                                                              ; On                 ; On                 ;
; Power-Up Don't Care                                                             ; On                 ; On                 ;
; Remove Redundant Logic Cells                                                    ; Off                ; Off                ;
; Remove Duplicate Registers                                                      ; On                 ; On                 ;
; Ignore CARRY Buffers                                                            ; Off                ; Off                ;
; Ignore CASCADE Buffers                                                          ; Off                ; Off                ;
; Ignore GLOBAL Buffers                                                           ; Off                ; Off                ;
; Ignore ROW GLOBAL Buffers                                                       ; Off                ; Off                ;
; Ignore LCELL Buffers                                                            ; Off                ; Off                ;
; Ignore SOFT Buffers                                                             ; On                 ; On                 ;
; Limit AHDL Integers to 32 Bits                                                  ; Off                ; Off                ;
; Optimization Technique                                                          ; Balanced           ; Balanced           ;
; Carry Chain Length                                                              ; 70                 ; 70                 ;
; Auto Carry Chains                                                               ; On                 ; On                 ;
; Auto Open-Drain Pins                                                            ; On                 ; On                 ;
; Perform WYSIWYG Primitive Resynthesis                                           ; Off                ; Off                ;
; Auto ROM Replacement                                                            ; On                 ; On                 ;
; Auto RAM Replacement                                                            ; On                 ; On                 ;
; Auto DSP Block Replacement                                                      ; On                 ; On                 ;
; Auto Shift Register Replacement                                                 ; Auto               ; Auto               ;
; Allow Shift Register Merging across Hierarchies                                 ; Auto               ; Auto               ;
; Auto Clock Enable Replacement                                                   ; On                 ; On                 ;
; Strict RAM Replacement                                                          ; Off                ; Off                ;
; Allow Synchronous Control Signals                                               ; On                 ; On                 ;
; Force Use of Synchronous Clear Signals                                          ; Off                ; Off                ;
; Auto Resource Sharing                                                           ; Off                ; Off                ;
; Allow Any RAM Size For Recognition                                              ; Off                ; Off                ;
; Allow Any ROM Size For Recognition                                              ; Off                ; Off                ;
; Allow Any Shift Register Size For Recognition                                   ; Off                ; Off                ;
; Use LogicLock Constraints during Resource Balancing                             ; On                 ; On                 ;
; Ignore translate_off and synthesis_off directives                               ; Off                ; Off                ;
; Timing-Driven Synthesis                                                         ; On                 ; On                 ;
; Report Parameter Settings                                                       ; On                 ; On                 ;
; Report Source Assignments                                                       ; On                 ; On                 ;
; Report Connectivity Checks                                                      ; On                 ; On                 ;
; Ignore Maximum Fan-Out Assignments                                              ; Off                ; Off                ;
; Synchronization Register Chain Length                                           ; 3                  ; 3                  ;
; Power Optimization During Synthesis                                             ; Normal compilation ; Normal compilation ;
; HDL message level                                                               ; Level2             ; Level2             ;
; Suppress Register Optimization Related Messages                                 ; Off                ; Off                ;
; Number of Removed Registers Reported in Synthesis Report                        ; 5000               ; 5000               ;
; Number of Swept Nodes Reported in Synthesis Report                              ; 5000               ; 5000               ;
; Number of Inverted Registers Reported in Synthesis Report                       ; 100                ; 100                ;
; Clock MUX Protection                                                            ; On                 ; On                 ;
; Auto Gated Clock Conversion                                                     ; Off                ; Off                ;
; Block Design Naming                                                             ; Auto               ; Auto               ;
; SDC constraint protection                                                       ; Off                ; Off                ;
; Synthesis Effort                                                                ; Auto               ; Auto               ;
; Shift Register Replacement - Allow Asynchronous Clear Signal                    ; On                 ; On                 ;
; Pre-Mapping Resynthesis Optimization                                            ; Off                ; Off                ;
; Analysis & Synthesis Message Level                                              ; Medium             ; Medium             ;
; Disable Register Merging Across Hierarchies                                     ; Auto               ; Auto               ;
; Resource Aware Inference For Block RAM                                          ; On                 ; On                 ;
; Automatic Parallel Synthesis                                                    ; On                 ; On                 ;
; Partial Reconfiguration Bitstream ID                                            ; Off                ; Off                ;
+---------------------------------------------------------------------------------+--------------------+--------------------+


+------------------------------------------+
; Parallel Compilation                     ;
+----------------------------+-------------+
; Processors                 ; Number      ;
+----------------------------+-------------+
; Number detected on machine ; 4           ;
; Maximum allowed            ; 2           ;
;                            ;             ;
; Average used               ; 1.00        ;
; Maximum used               ; 1           ;
;                            ;             ;
; Usage by Processor         ; % Time Used ;
;     Processor 1            ; 100.0%      ;
+----------------------------+-------------+


+-------------------------------+
; Analysis & Synthesis Messages ;
+-------------------------------+
Info: *******************************************************************
Info: Running Quartus Prime Analysis & Synthesis
    Info: Version 18.1.0 Build 625 09/12/2018 SJ Lite Edition
    Info: Processing started: Sun Nov 03 17:10:56 2019
Info: Command: quartus_map --read_settings_files=on --write_settings_files=off oled_i2c -c oled_i2c
Warning (18236): Number of processors has not been specified which may cause overloading on shared machines.  Set the global assignment NUM_PARALLEL_PROCESSORS in your QSF to an appropriate value for best performance.
Info (20030): Parallel compilation is enabled and will use 2 of the 2 processors detected
Info (12021): Found 1 design units, including 1 entities, in source file /intelfpga_lite/18.1/i2c/i2c.v
    Info (12023): Found entity 1: I2C File: C:/intelFPGA_lite/18.1/I2C/I2C.v Line: 27
Info (12021): Found 1 design units, including 1 entities, in source file /intelfpga_lite/18.1/i2c/bidirec.v
    Info (12023): Found entity 1: bidirec File: C:/intelFPGA_lite/18.1/I2C/bidirec.v Line: 1
Info (12021): Found 1 design units, including 1 entities, in source file oled_i2c.v
    Info (12023): Found entity 1: oled_i2c File: C:/intelFPGA_lite/18.1/oled_i2c/oled_i2c.v Line: 1
Info (12021): Found 1 design units, including 1 entities, in source file output_files/divider.v
    Info (12023): Found entity 1: divider File: C:/intelFPGA_lite/18.1/oled_i2c/output_files/divider.v Line: 1
Info (12127): Elaborating entity "oled_i2c" for the top level hierarchy
Warning (10850): Verilog HDL warning at oled_i2c.v(41): number of words (33) in memory file does not match the number of elements in the address range [0:33] File: C:/intelFPGA_lite/18.1/oled_i2c/oled_i2c.v Line: 41
Warning (10230): Verilog HDL assignment warning at oled_i2c.v(58): truncated value with size 34 to match size of target (9) File: C:/intelFPGA_lite/18.1/oled_i2c/oled_i2c.v Line: 58
Warning (10762): Verilog HDL Case Statement warning at oled_i2c.v(231): can't check case statement for completeness because the case expression has too many possible states File: C:/intelFPGA_lite/18.1/oled_i2c/oled_i2c.v Line: 231
Warning (10240): Verilog HDL Always Construct warning at oled_i2c.v(121): inferring latch(es) for variable "cmd_start", which holds its previous value in one or more paths through the always construct File: C:/intelFPGA_lite/18.1/oled_i2c/oled_i2c.v Line: 121
Warning (10240): Verilog HDL Always Construct warning at oled_i2c.v(121): inferring latch(es) for variable "isStartSeq", which holds its previous value in one or more paths through the always construct File: C:/intelFPGA_lite/18.1/oled_i2c/oled_i2c.v Line: 121
Warning (10240): Verilog HDL Always Construct warning at oled_i2c.v(121): inferring latch(es) for variable "packetEnded", which holds its previous value in one or more paths through the always construct File: C:/intelFPGA_lite/18.1/oled_i2c/oled_i2c.v Line: 121
Error (10200): Verilog HDL Conditional Statement error at oled_i2c.v(305): cannot match operand(s) in the condition to the corresponding edges in the enclosing event control of the always construct File: C:/intelFPGA_lite/18.1/oled_i2c/oled_i2c.v Line: 305
Warning (10240): Verilog HDL Always Construct warning at oled_i2c.v(304): inferring latch(es) for variable "data_packet_counter", which holds its previous value in one or more paths through the always construct File: C:/intelFPGA_lite/18.1/oled_i2c/oled_i2c.v Line: 304
Warning (10240): Verilog HDL Always Construct warning at oled_i2c.v(304): inferring latch(es) for variable "data_byte_counter", which holds its previous value in one or more paths through the always construct File: C:/intelFPGA_lite/18.1/oled_i2c/oled_i2c.v Line: 304
Warning (10240): Verilog HDL Always Construct warning at oled_i2c.v(304): inferring latch(es) for variable "data_counter", which holds its previous value in one or more paths through the always construct File: C:/intelFPGA_lite/18.1/oled_i2c/oled_i2c.v Line: 304
Warning (10030): Net "glyph1.data_a" at oled_i2c.v(40) has no driver or initial value, using a default initial value '0' File: C:/intelFPGA_lite/18.1/oled_i2c/oled_i2c.v Line: 40
Warning (10030): Net "glyph1.waddr_a" at oled_i2c.v(40) has no driver or initial value, using a default initial value '0' File: C:/intelFPGA_lite/18.1/oled_i2c/oled_i2c.v Line: 40
Warning (10030): Net "glyph1.we_a" at oled_i2c.v(40) has no driver or initial value, using a default initial value '0' File: C:/intelFPGA_lite/18.1/oled_i2c/oled_i2c.v Line: 40
Info (10041): Inferred latch for "data_counter[0]" at oled_i2c.v(316) File: C:/intelFPGA_lite/18.1/oled_i2c/oled_i2c.v Line: 316
Info (10041): Inferred latch for "data_counter[1]" at oled_i2c.v(316) File: C:/intelFPGA_lite/18.1/oled_i2c/oled_i2c.v Line: 316
Info (10041): Inferred latch for "data_counter[2]" at oled_i2c.v(316) File: C:/intelFPGA_lite/18.1/oled_i2c/oled_i2c.v Line: 316
Info (10041): Inferred latch for "data_counter[3]" at oled_i2c.v(316) File: C:/intelFPGA_lite/18.1/oled_i2c/oled_i2c.v Line: 316
Info (10041): Inferred latch for "data_counter[4]" at oled_i2c.v(316) File: C:/intelFPGA_lite/18.1/oled_i2c/oled_i2c.v Line: 316
Info (10041): Inferred latch for "data_counter[5]" at oled_i2c.v(316) File: C:/intelFPGA_lite/18.1/oled_i2c/oled_i2c.v Line: 316
Info (10041): Inferred latch for "data_counter[6]" at oled_i2c.v(316) File: C:/intelFPGA_lite/18.1/oled_i2c/oled_i2c.v Line: 316
Info (10041): Inferred latch for "data_counter[7]" at oled_i2c.v(316) File: C:/intelFPGA_lite/18.1/oled_i2c/oled_i2c.v Line: 316
Info (10041): Inferred latch for "data_counter[8]" at oled_i2c.v(316) File: C:/intelFPGA_lite/18.1/oled_i2c/oled_i2c.v Line: 316
Info (10041): Inferred latch for "data_counter[9]" at oled_i2c.v(316) File: C:/intelFPGA_lite/18.1/oled_i2c/oled_i2c.v Line: 316
Info (10041): Inferred latch for "data_counter[10]" at oled_i2c.v(316) File: C:/intelFPGA_lite/18.1/oled_i2c/oled_i2c.v Line: 316
Info (10041): Inferred latch for "data_counter[11]" at oled_i2c.v(316) File: C:/intelFPGA_lite/18.1/oled_i2c/oled_i2c.v Line: 316
Info (10041): Inferred latch for "data_counter[12]" at oled_i2c.v(316) File: C:/intelFPGA_lite/18.1/oled_i2c/oled_i2c.v Line: 316
Info (10041): Inferred latch for "data_counter[13]" at oled_i2c.v(316) File: C:/intelFPGA_lite/18.1/oled_i2c/oled_i2c.v Line: 316
Info (10041): Inferred latch for "data_counter[14]" at oled_i2c.v(316) File: C:/intelFPGA_lite/18.1/oled_i2c/oled_i2c.v Line: 316
Info (10041): Inferred latch for "data_counter[15]" at oled_i2c.v(316) File: C:/intelFPGA_lite/18.1/oled_i2c/oled_i2c.v Line: 316
Info (10041): Inferred latch for "data_counter[16]" at oled_i2c.v(316) File: C:/intelFPGA_lite/18.1/oled_i2c/oled_i2c.v Line: 316
Info (10041): Inferred latch for "data_counter[17]" at oled_i2c.v(316) File: C:/intelFPGA_lite/18.1/oled_i2c/oled_i2c.v Line: 316
Info (10041): Inferred latch for "data_counter[18]" at oled_i2c.v(316) File: C:/intelFPGA_lite/18.1/oled_i2c/oled_i2c.v Line: 316
Info (10041): Inferred latch for "data_counter[19]" at oled_i2c.v(316) File: C:/intelFPGA_lite/18.1/oled_i2c/oled_i2c.v Line: 316
Info (10041): Inferred latch for "data_counter[20]" at oled_i2c.v(316) File: C:/intelFPGA_lite/18.1/oled_i2c/oled_i2c.v Line: 316
Info (10041): Inferred latch for "data_counter[21]" at oled_i2c.v(316) File: C:/intelFPGA_lite/18.1/oled_i2c/oled_i2c.v Line: 316
Info (10041): Inferred latch for "data_counter[22]" at oled_i2c.v(316) File: C:/intelFPGA_lite/18.1/oled_i2c/oled_i2c.v Line: 316
Info (10041): Inferred latch for "data_counter[23]" at oled_i2c.v(316) File: C:/intelFPGA_lite/18.1/oled_i2c/oled_i2c.v Line: 316
Info (10041): Inferred latch for "data_counter[24]" at oled_i2c.v(316) File: C:/intelFPGA_lite/18.1/oled_i2c/oled_i2c.v Line: 316
Info (10041): Inferred latch for "data_counter[25]" at oled_i2c.v(316) File: C:/intelFPGA_lite/18.1/oled_i2c/oled_i2c.v Line: 316
Info (10041): Inferred latch for "data_counter[26]" at oled_i2c.v(316) File: C:/intelFPGA_lite/18.1/oled_i2c/oled_i2c.v Line: 316
Info (10041): Inferred latch for "data_counter[27]" at oled_i2c.v(316) File: C:/intelFPGA_lite/18.1/oled_i2c/oled_i2c.v Line: 316
Info (10041): Inferred latch for "data_counter[28]" at oled_i2c.v(316) File: C:/intelFPGA_lite/18.1/oled_i2c/oled_i2c.v Line: 316
Info (10041): Inferred latch for "data_counter[29]" at oled_i2c.v(316) File: C:/intelFPGA_lite/18.1/oled_i2c/oled_i2c.v Line: 316
Info (10041): Inferred latch for "data_counter[30]" at oled_i2c.v(316) File: C:/intelFPGA_lite/18.1/oled_i2c/oled_i2c.v Line: 316
Info (10041): Inferred latch for "data_counter[31]" at oled_i2c.v(316) File: C:/intelFPGA_lite/18.1/oled_i2c/oled_i2c.v Line: 316
Info (10041): Inferred latch for "data_byte_counter[0]" at oled_i2c.v(316) File: C:/intelFPGA_lite/18.1/oled_i2c/oled_i2c.v Line: 316
Info (10041): Inferred latch for "data_byte_counter[1]" at oled_i2c.v(316) File: C:/intelFPGA_lite/18.1/oled_i2c/oled_i2c.v Line: 316
Info (10041): Inferred latch for "data_byte_counter[2]" at oled_i2c.v(316) File: C:/intelFPGA_lite/18.1/oled_i2c/oled_i2c.v Line: 316
Info (10041): Inferred latch for "data_packet_counter[0]" at oled_i2c.v(316) File: C:/intelFPGA_lite/18.1/oled_i2c/oled_i2c.v Line: 316
Info (10041): Inferred latch for "data_packet_counter[1]" at oled_i2c.v(316) File: C:/intelFPGA_lite/18.1/oled_i2c/oled_i2c.v Line: 316
Info (10041): Inferred latch for "data_packet_counter[2]" at oled_i2c.v(316) File: C:/intelFPGA_lite/18.1/oled_i2c/oled_i2c.v Line: 316
Info (10041): Inferred latch for "data_packet_counter[3]" at oled_i2c.v(316) File: C:/intelFPGA_lite/18.1/oled_i2c/oled_i2c.v Line: 316
Info (10041): Inferred latch for "data_packet_counter[4]" at oled_i2c.v(316) File: C:/intelFPGA_lite/18.1/oled_i2c/oled_i2c.v Line: 316
Info (10041): Inferred latch for "data_packet_counter[5]" at oled_i2c.v(316) File: C:/intelFPGA_lite/18.1/oled_i2c/oled_i2c.v Line: 316
Info (10041): Inferred latch for "data_packet_counter[6]" at oled_i2c.v(316) File: C:/intelFPGA_lite/18.1/oled_i2c/oled_i2c.v Line: 316
Info (10041): Inferred latch for "data_packet_counter[7]" at oled_i2c.v(316) File: C:/intelFPGA_lite/18.1/oled_i2c/oled_i2c.v Line: 316
Info (10041): Inferred latch for "data_packet_counter[8]" at oled_i2c.v(316) File: C:/intelFPGA_lite/18.1/oled_i2c/oled_i2c.v Line: 316
Info (10041): Inferred latch for "data_packet_counter[9]" at oled_i2c.v(316) File: C:/intelFPGA_lite/18.1/oled_i2c/oled_i2c.v Line: 316
Info (10041): Inferred latch for "data_packet_counter[10]" at oled_i2c.v(316) File: C:/intelFPGA_lite/18.1/oled_i2c/oled_i2c.v Line: 316
Info (10041): Inferred latch for "data_packet_counter[11]" at oled_i2c.v(316) File: C:/intelFPGA_lite/18.1/oled_i2c/oled_i2c.v Line: 316
Info (10041): Inferred latch for "data_packet_counter[12]" at oled_i2c.v(316) File: C:/intelFPGA_lite/18.1/oled_i2c/oled_i2c.v Line: 316
Info (10041): Inferred latch for "data_packet_counter[13]" at oled_i2c.v(316) File: C:/intelFPGA_lite/18.1/oled_i2c/oled_i2c.v Line: 316
Info (10041): Inferred latch for "data_packet_counter[14]" at oled_i2c.v(316) File: C:/intelFPGA_lite/18.1/oled_i2c/oled_i2c.v Line: 316
Info (10041): Inferred latch for "data_packet_counter[15]" at oled_i2c.v(316) File: C:/intelFPGA_lite/18.1/oled_i2c/oled_i2c.v Line: 316
Info (10041): Inferred latch for "data_packet_counter[16]" at oled_i2c.v(316) File: C:/intelFPGA_lite/18.1/oled_i2c/oled_i2c.v Line: 316
Info (10041): Inferred latch for "data_packet_counter[17]" at oled_i2c.v(316) File: C:/intelFPGA_lite/18.1/oled_i2c/oled_i2c.v Line: 316
Info (10041): Inferred latch for "data_packet_counter[18]" at oled_i2c.v(316) File: C:/intelFPGA_lite/18.1/oled_i2c/oled_i2c.v Line: 316
Info (10041): Inferred latch for "data_packet_counter[19]" at oled_i2c.v(316) File: C:/intelFPGA_lite/18.1/oled_i2c/oled_i2c.v Line: 316
Info (10041): Inferred latch for "data_packet_counter[20]" at oled_i2c.v(316) File: C:/intelFPGA_lite/18.1/oled_i2c/oled_i2c.v Line: 316
Info (10041): Inferred latch for "data_packet_counter[21]" at oled_i2c.v(316) File: C:/intelFPGA_lite/18.1/oled_i2c/oled_i2c.v Line: 316
Info (10041): Inferred latch for "data_packet_counter[22]" at oled_i2c.v(316) File: C:/intelFPGA_lite/18.1/oled_i2c/oled_i2c.v Line: 316
Info (10041): Inferred latch for "data_packet_counter[23]" at oled_i2c.v(316) File: C:/intelFPGA_lite/18.1/oled_i2c/oled_i2c.v Line: 316
Info (10041): Inferred latch for "data_packet_counter[24]" at oled_i2c.v(316) File: C:/intelFPGA_lite/18.1/oled_i2c/oled_i2c.v Line: 316
Info (10041): Inferred latch for "data_packet_counter[25]" at oled_i2c.v(316) File: C:/intelFPGA_lite/18.1/oled_i2c/oled_i2c.v Line: 316
Info (10041): Inferred latch for "data_packet_counter[26]" at oled_i2c.v(316) File: C:/intelFPGA_lite/18.1/oled_i2c/oled_i2c.v Line: 316
Info (10041): Inferred latch for "data_packet_counter[27]" at oled_i2c.v(316) File: C:/intelFPGA_lite/18.1/oled_i2c/oled_i2c.v Line: 316
Info (10041): Inferred latch for "data_packet_counter[28]" at oled_i2c.v(316) File: C:/intelFPGA_lite/18.1/oled_i2c/oled_i2c.v Line: 316
Info (10041): Inferred latch for "data_packet_counter[29]" at oled_i2c.v(316) File: C:/intelFPGA_lite/18.1/oled_i2c/oled_i2c.v Line: 316
Info (10041): Inferred latch for "data_packet_counter[30]" at oled_i2c.v(316) File: C:/intelFPGA_lite/18.1/oled_i2c/oled_i2c.v Line: 316
Info (10041): Inferred latch for "data_packet_counter[31]" at oled_i2c.v(316) File: C:/intelFPGA_lite/18.1/oled_i2c/oled_i2c.v Line: 316
Info (10041): Inferred latch for "packetEnded" at oled_i2c.v(121) File: C:/intelFPGA_lite/18.1/oled_i2c/oled_i2c.v Line: 121
Info (10041): Inferred latch for "isStartSeq" at oled_i2c.v(121) File: C:/intelFPGA_lite/18.1/oled_i2c/oled_i2c.v Line: 121
Info (10041): Inferred latch for "cmd_start" at oled_i2c.v(121) File: C:/intelFPGA_lite/18.1/oled_i2c/oled_i2c.v Line: 121
Error (12153): Can't elaborate top-level user hierarchy
Info (144001): Generated suppressed messages file C:/intelFPGA_lite/18.1/oled_i2c/output_files/oled_i2c.map.smsg
Error: Quartus Prime Analysis & Synthesis was unsuccessful. 2 errors, 13 warnings
    Error: Peak virtual memory: 4795 megabytes
    Error: Processing ended: Sun Nov 03 17:11:14 2019
    Error: Elapsed time: 00:00:18
    Error: Total CPU time (on all processors): 00:00:40


+------------------------------------------+
; Analysis & Synthesis Suppressed Messages ;
+------------------------------------------+
The suppressed messages can be found in C:/intelFPGA_lite/18.1/oled_i2c/output_files/oled_i2c.map.smsg.


