Analysis & Synthesis report for I2C
Wed Oct 09 14:02:53 2019
Quartus Prime Version 18.1.0 Build 625 09/12/2018 SJ Lite Edition


---------------------
; Table of Contents ;
---------------------
  1. Legal Notice
  2. Analysis & Synthesis Summary
  3. Analysis & Synthesis Settings
  4. Parallel Compilation
  5. Analysis & Synthesis Source Files Read
  6. Analysis & Synthesis Resource Usage Summary
  7. Analysis & Synthesis Resource Utilization by Entity
  8. State Machine - |I2C|CS
  9. User-Specified and Inferred Latches
 10. Registers Removed During Synthesis
 11. General Register Statistics
 12. Parameter Settings for User Entity Instance: Top-level Entity: |I2C
 13. Port Connectivity Checks: "bidirec:b1"
 14. Post-Synthesis Netlist Statistics for Top Partition
 15. Elapsed Time Per Partition
 16. Analysis & Synthesis Messages
 17. Analysis & Synthesis Suppressed Messages



----------------
; Legal Notice ;
----------------
Copyright (C) 2018  Intel Corporation. All rights reserved.
Your use of Intel Corporation's design tools, logic functions 
and other software and tools, and its AMPP partner logic 
functions, and any output files from any of the foregoing 
(including device programming or simulation files), and any 
associated documentation or information are expressly subject 
to the terms and conditions of the Intel Program License 
Subscription Agreement, the Intel Quartus Prime License Agreement,
the Intel FPGA IP License Agreement, or other applicable license
agreement, including, without limitation, that your use is for
the sole purpose of programming logic devices manufactured by
Intel and sold by Intel or its authorized distributors.  Please
refer to the applicable agreement for further details.



+-------------------------------------------------------------------------------+
; Analysis & Synthesis Summary                                                  ;
+---------------------------------+---------------------------------------------+
; Analysis & Synthesis Status     ; Successful - Wed Oct 09 14:02:53 2019       ;
; Quartus Prime Version           ; 18.1.0 Build 625 09/12/2018 SJ Lite Edition ;
; Revision Name                   ; I2C                                         ;
; Top-level Entity Name           ; I2C                                         ;
; Family                          ; Cyclone V                                   ;
; Logic utilization (in ALMs)     ; N/A                                         ;
; Total registers                 ; 12                                          ;
; Total pins                      ; 20                                          ;
; Total virtual pins              ; 0                                           ;
; Total block memory bits         ; 0                                           ;
; Total DSP Blocks                ; 0                                           ;
; Total HSSI RX PCSs              ; 0                                           ;
; Total HSSI PMA RX Deserializers ; 0                                           ;
; Total HSSI TX PCSs              ; 0                                           ;
; Total HSSI PMA TX Serializers   ; 0                                           ;
; Total PLLs                      ; 0                                           ;
; Total DLLs                      ; 0                                           ;
+---------------------------------+---------------------------------------------+


+---------------------------------------------------------------------------------------------------------------------------+
; Analysis & Synthesis Settings                                                                                             ;
+---------------------------------------------------------------------------------+--------------------+--------------------+
; Option                                                                          ; Setting            ; Default Value      ;
+---------------------------------------------------------------------------------+--------------------+--------------------+
; Device                                                                          ; 5CSEMA5F31C6       ;                    ;
; Top-level entity name                                                           ; I2C                ; I2C                ;
; Family name                                                                     ; Cyclone V          ; Cyclone V          ;
; Use smart compilation                                                           ; Off                ; Off                ;
; Enable parallel Assembler and Timing Analyzer during compilation                ; On                 ; On                 ;
; Enable compact report table                                                     ; Off                ; Off                ;
; Restructure Multiplexers                                                        ; Auto               ; Auto               ;
; MLAB Add Timing Constraints For Mixed-Port Feed-Through Mode Setting Don't Care ; Off                ; Off                ;
; Create Debugging Nodes for IP Cores                                             ; Off                ; Off                ;
; Preserve fewer node names                                                       ; On                 ; On                 ;
; Intel FPGA IP Evaluation Mode                                                   ; Enable             ; Enable             ;
; Verilog Version                                                                 ; Verilog_2001       ; Verilog_2001       ;
; VHDL Version                                                                    ; VHDL_1993          ; VHDL_1993          ;
; State Machine Processing                                                        ; Auto               ; Auto               ;
; Safe State Machine                                                              ; Off                ; Off                ;
; Extract Verilog State Machines                                                  ; On                 ; On                 ;
; Extract VHDL State Machines                                                     ; On                 ; On                 ;
; Ignore Verilog initial constructs                                               ; Off                ; Off                ;
; Iteration limit for constant Verilog loops                                      ; 5000               ; 5000               ;
; Iteration limit for non-constant Verilog loops                                  ; 250                ; 250                ;
; Add Pass-Through Logic to Inferred RAMs                                         ; On                 ; On                 ;
; Infer RAMs from Raw Logic                                                       ; On                 ; On                 ;
; Parallel Synthesis                                                              ; On                 ; On                 ;
; DSP Block Balancing                                                             ; Auto               ; Auto               ;
; NOT Gate Push-Back                                                              ; On                 ; On                 ;
; Power-Up Don't Care                                                             ; On                 ; On                 ;
; Remove Redundant Logic Cells                                                    ; Off                ; Off                ;
; Remove Duplicate Registers                                                      ; On                 ; On                 ;
; Ignore CARRY Buffers                                                            ; Off                ; Off                ;
; Ignore CASCADE Buffers                                                          ; Off                ; Off                ;
; Ignore GLOBAL Buffers                                                           ; Off                ; Off                ;
; Ignore ROW GLOBAL Buffers                                                       ; Off                ; Off                ;
; Ignore LCELL Buffers                                                            ; Off                ; Off                ;
; Ignore SOFT Buffers                                                             ; On                 ; On                 ;
; Limit AHDL Integers to 32 Bits                                                  ; Off                ; Off                ;
; Optimization Technique                                                          ; Balanced           ; Balanced           ;
; Carry Chain Length                                                              ; 70                 ; 70                 ;
; Auto Carry Chains                                                               ; On                 ; On                 ;
; Auto Open-Drain Pins                                                            ; On                 ; On                 ;
; Perform WYSIWYG Primitive Resynthesis                                           ; Off                ; Off                ;
; Auto ROM Replacement                                                            ; On                 ; On                 ;
; Auto RAM Replacement                                                            ; On                 ; On                 ;
; Auto DSP Block Replacement                                                      ; On                 ; On                 ;
; Auto Shift Register Replacement                                                 ; Auto               ; Auto               ;
; Allow Shift Register Merging across Hierarchies                                 ; Auto               ; Auto               ;
; Auto Clock Enable Replacement                                                   ; On                 ; On                 ;
; Strict RAM Replacement                                                          ; Off                ; Off                ;
; Allow Synchronous Control Signals                                               ; On                 ; On                 ;
; Force Use of Synchronous Clear Signals                                          ; Off                ; Off                ;
; Auto Resource Sharing                                                           ; Off                ; Off                ;
; Allow Any RAM Size For Recognition                                              ; Off                ; Off                ;
; Allow Any ROM Size For Recognition                                              ; Off                ; Off                ;
; Allow Any Shift Register Size For Recognition                                   ; Off                ; Off                ;
; Use LogicLock Constraints during Resource Balancing                             ; On                 ; On                 ;
; Ignore translate_off and synthesis_off directives                               ; Off                ; Off                ;
; Timing-Driven Synthesis                                                         ; On                 ; On                 ;
; Report Parameter Settings                                                       ; On                 ; On                 ;
; Report Source Assignments                                                       ; On                 ; On                 ;
; Report Connectivity Checks                                                      ; On                 ; On                 ;
; Ignore Maximum Fan-Out Assignments                                              ; Off                ; Off                ;
; Synchronization Register Chain Length                                           ; 3                  ; 3                  ;
; Power Optimization During Synthesis                                             ; Normal compilation ; Normal compilation ;
; HDL message level                                                               ; Level2             ; Level2             ;
; Suppress Register Optimization Related Messages                                 ; Off                ; Off                ;
; Number of Removed Registers Reported in Synthesis Report                        ; 5000               ; 5000               ;
; Number of Swept Nodes Reported in Synthesis Report                              ; 5000               ; 5000               ;
; Number of Inverted Registers Reported in Synthesis Report                       ; 100                ; 100                ;
; Clock MUX Protection                                                            ; On                 ; On                 ;
; Auto Gated Clock Conversion                                                     ; Off                ; Off                ;
; Block Design Naming                                                             ; Auto               ; Auto               ;
; SDC constraint protection                                                       ; Off                ; Off                ;
; Synthesis Effort                                                                ; Auto               ; Auto               ;
; Shift Register Replacement - Allow Asynchronous Clear Signal                    ; On                 ; On                 ;
; Pre-Mapping Resynthesis Optimization                                            ; Off                ; Off                ;
; Analysis & Synthesis Message Level                                              ; Medium             ; Medium             ;
; Disable Register Merging Across Hierarchies                                     ; Auto               ; Auto               ;
; Resource Aware Inference For Block RAM                                          ; On                 ; On                 ;
; Automatic Parallel Synthesis                                                    ; On                 ; On                 ;
; Partial Reconfiguration Bitstream ID                                            ; Off                ; Off                ;
+---------------------------------------------------------------------------------+--------------------+--------------------+


+------------------------------------------+
; Parallel Compilation                     ;
+----------------------------+-------------+
; Processors                 ; Number      ;
+----------------------------+-------------+
; Number detected on machine ; 4           ;
; Maximum allowed            ; 2           ;
;                            ;             ;
; Average used               ; 1.00        ;
; Maximum used               ; 2           ;
;                            ;             ;
; Usage by Processor         ; % Time Used ;
;     Processor 1            ; 100.0%      ;
;     Processor 2            ;   0.0%      ;
+----------------------------+-------------+


+------------------------------------------------------------------------------------------------------------------------------+
; Analysis & Synthesis Source Files Read                                                                                       ;
+----------------------------------+-----------------+------------------------+--------------------------------------+---------+
; File Name with User-Entered Path ; Used in Netlist ; File Type              ; File Name with Absolute Path         ; Library ;
+----------------------------------+-----------------+------------------------+--------------------------------------+---------+
; I2C.v                            ; yes             ; User Verilog HDL File  ; C:/intelFPGA_lite/18.1/I2C/I2C.v     ;         ;
; bidirec.v                        ; yes             ; User Verilog HDL File  ; C:/intelFPGA_lite/18.1/I2C/bidirec.v ;         ;
+----------------------------------+-----------------+------------------------+--------------------------------------+---------+


+----------------------------------------------------------+
; Analysis & Synthesis Resource Usage Summary              ;
+---------------------------------------------+------------+
; Resource                                    ; Usage      ;
+---------------------------------------------+------------+
; Estimate of Logic utilization (ALMs needed) ; 29         ;
;                                             ;            ;
; Combinational ALUT usage for logic          ; 51         ;
;     -- 7 input functions                    ; 2          ;
;     -- 6 input functions                    ; 4          ;
;     -- 5 input functions                    ; 1          ;
;     -- 4 input functions                    ; 3          ;
;     -- <=3 input functions                  ; 41         ;
;                                             ;            ;
; Dedicated logic registers                   ; 12         ;
;                                             ;            ;
; I/O pins                                    ; 20         ;
;                                             ;            ;
; Total DSP Blocks                            ; 0          ;
;                                             ;            ;
; Maximum fan-out node                        ; CS.setData ;
; Maximum fan-out                             ; 14         ;
; Total fan-out                               ; 218        ;
; Average fan-out                             ; 2.10       ;
+---------------------------------------------+------------+


+----------------------------------------------------------------------------------------------------------------------------------------------------------------------------------------+
; Analysis & Synthesis Resource Utilization by Entity                                                                                                                                    ;
+----------------------------+---------------------+---------------------------+-------------------+------------+------+--------------+---------------------+-------------+--------------+
; Compilation Hierarchy Node ; Combinational ALUTs ; Dedicated Logic Registers ; Block Memory Bits ; DSP Blocks ; Pins ; Virtual Pins ; Full Hierarchy Name ; Entity Name ; Library Name ;
+----------------------------+---------------------+---------------------------+-------------------+------------+------+--------------+---------------------+-------------+--------------+
; |I2C                       ; 51 (51)             ; 12 (11)                   ; 0                 ; 0          ; 20   ; 0            ; |I2C                ; I2C         ; work         ;
;    |bidirec:b1|            ; 0 (0)               ; 1 (1)                     ; 0                 ; 0          ; 0    ; 0            ; |I2C|bidirec:b1     ; bidirec     ; work         ;
+----------------------------+---------------------+---------------------------+-------------------+------------+------+--------------+---------------------+-------------+--------------+
Note: For table entries with two numbers listed, the numbers in parentheses indicate the number of resources of the given type used by the specific entity alone. The numbers listed outside of parentheses indicate the total resources of the given type used by the specific entity and all of its sub-entities in the hierarchy.


Encoding Type:  One-Hot
+---------------------------------------------------------------------------------------------------------------------------------------------------------------------------+
; State Machine - |I2C|CS                                                                                                                                                   ;
+------------------+------------+-----------------+------------------+--------------+-------------+-------------+----------+------------+--------------+----------+---------+
; Name             ; CS.setData ; CS.ackHoldStage ; CS.ackBeginStage ; CS.holdSlave ; CS.pauseSet ; CS.setSlave ; CS.pause ; CS.stopEnd ; CS.stopBegin ; CS.start ; CS.idle ;
+------------------+------------+-----------------+------------------+--------------+-------------+-------------+----------+------------+--------------+----------+---------+
; CS.idle          ; 0          ; 0               ; 0                ; 0            ; 0           ; 0           ; 0        ; 0          ; 0            ; 0        ; 0       ;
; CS.start         ; 0          ; 0               ; 0                ; 0            ; 0           ; 0           ; 0        ; 0          ; 0            ; 1        ; 1       ;
; CS.stopBegin     ; 0          ; 0               ; 0                ; 0            ; 0           ; 0           ; 0        ; 0          ; 1            ; 0        ; 1       ;
; CS.stopEnd       ; 0          ; 0               ; 0                ; 0            ; 0           ; 0           ; 0        ; 1          ; 0            ; 0        ; 1       ;
; CS.pause         ; 0          ; 0               ; 0                ; 0            ; 0           ; 0           ; 1        ; 0          ; 0            ; 0        ; 1       ;
; CS.setSlave      ; 0          ; 0               ; 0                ; 0            ; 0           ; 1           ; 0        ; 0          ; 0            ; 0        ; 1       ;
; CS.pauseSet      ; 0          ; 0               ; 0                ; 0            ; 1           ; 0           ; 0        ; 0          ; 0            ; 0        ; 1       ;
; CS.holdSlave     ; 0          ; 0               ; 0                ; 1            ; 0           ; 0           ; 0        ; 0          ; 0            ; 0        ; 1       ;
; CS.ackBeginStage ; 0          ; 0               ; 1                ; 0            ; 0           ; 0           ; 0        ; 0          ; 0            ; 0        ; 1       ;
; CS.ackHoldStage  ; 0          ; 1               ; 0                ; 0            ; 0           ; 0           ; 0        ; 0          ; 0            ; 0        ; 1       ;
; CS.setData       ; 1          ; 0               ; 0                ; 0            ; 0           ; 0           ; 0        ; 0          ; 0            ; 0        ; 1       ;
+------------------+------------+-----------------+------------------+--------------+-------------+-------------+----------+------------+--------------+----------+---------+


+----------------------------------------------------------------------------------------------------+
; User-Specified and Inferred Latches                                                                ;
+-----------------------------------------------------+---------------------+------------------------+
; Latch Name                                          ; Latch Enable Signal ; Free of Timing Hazards ;
+-----------------------------------------------------+---------------------+------------------------+
; SCL$latch                                           ; SCL                 ; yes                    ;
; NS.setSlave_363                                     ; CS.setData          ; yes                    ;
; NS.pauseSet_355                                     ; CS.setData          ; yes                    ;
; NS.ackBeginStage_339                                ; CS.setData          ; yes                    ;
; NS.ackHoldStage_331                                 ; CS.setData          ; yes                    ;
; NS.setData_323                                      ; CS.setData          ; yes                    ;
; direction                                           ; Selector12          ; yes                    ;
; counter[4]                                          ; WideOr16            ; yes                    ;
; counter[3]                                          ; WideOr16            ; yes                    ;
; counter[2]                                          ; WideOr16            ; yes                    ;
; counter[1]                                          ; WideOr16            ; yes                    ;
; counter[0]                                          ; WideOr16            ; yes                    ;
; counter[5]                                          ; WideOr16            ; yes                    ;
; inp                                                 ; WideOr13            ; yes                    ;
; NS.pause_371                                        ; CS.setData          ; yes                    ;
; NS.holdSlave_347                                    ; CS.setData          ; yes                    ;
; NS.idle_403                                         ; CS.setData          ; yes                    ;
; NS.start_395                                        ; CS.setData          ; yes                    ;
; NS.stopBegin_387                                    ; CS.setData          ; yes                    ;
; NS.stopEnd_379                                      ; CS.setData          ; yes                    ;
; addrw[5]                                            ; CS.idle             ; yes                    ;
; addrw[7]                                            ; CS.idle             ; yes                    ;
; addrw[4]                                            ; CS.idle             ; yes                    ;
; addrw[6]                                            ; CS.idle             ; yes                    ;
; addrw[1]                                            ; CS.idle             ; yes                    ;
; addrw[3]                                            ; CS.idle             ; yes                    ;
; addrw[0]                                            ; CS.idle             ; yes                    ;
; addrw[2]                                            ; CS.idle             ; yes                    ;
; Number of user-specified and inferred latches = 28  ;                     ;                        ;
+-----------------------------------------------------+---------------------+------------------------+
Note: All latches listed above may not be present at the end of synthesis due to various synthesis optimizations.


+------------------------------------------------------------+
; Registers Removed During Synthesis                         ;
+---------------------------------------+--------------------+
; Register name                         ; Reason for Removal ;
+---------------------------------------+--------------------+
; CS~2                                  ; Lost fanout        ;
; CS~3                                  ; Lost fanout        ;
; CS~4                                  ; Lost fanout        ;
; CS~5                                  ; Lost fanout        ;
; CS~6                                  ; Lost fanout        ;
; CS~7                                  ; Lost fanout        ;
; Total Number of Removed Registers = 6 ;                    ;
+---------------------------------------+--------------------+


+------------------------------------------------------+
; General Register Statistics                          ;
+----------------------------------------------+-------+
; Statistic                                    ; Value ;
+----------------------------------------------+-------+
; Total registers                              ; 12    ;
; Number of registers using Synchronous Clear  ; 0     ;
; Number of registers using Synchronous Load   ; 0     ;
; Number of registers using Asynchronous Clear ; 0     ;
; Number of registers using Asynchronous Load  ; 0     ;
; Number of registers using Clock Enable       ; 0     ;
; Number of registers using Preset             ; 0     ;
+----------------------------------------------+-------+


+---------------------------------------------------------------------+
; Parameter Settings for User Entity Instance: Top-level Entity: |I2C ;
+----------------+--------+-------------------------------------------+
; Parameter Name ; Value  ; Type                                      ;
+----------------+--------+-------------------------------------------+
; idle           ; 000001 ; Unsigned Binary                           ;
; start          ; 000010 ; Unsigned Binary                           ;
; stopBegin      ; 000011 ; Unsigned Binary                           ;
; stopEnd        ; 000100 ; Unsigned Binary                           ;
; pause          ; 000101 ; Unsigned Binary                           ;
; setSlave       ; 000110 ; Unsigned Binary                           ;
; pauseSet       ; 000111 ; Unsigned Binary                           ;
; holdSlave      ; 001000 ; Unsigned Binary                           ;
; ackBeginStage  ; 001001 ; Unsigned Binary                           ;
; ackHoldStage   ; 001010 ; Unsigned Binary                           ;
; setData        ; 001011 ; Unsigned Binary                           ;
+----------------+--------+-------------------------------------------+
Note: In order to hide this table in the UI and the text report file, please set the "Show Parameter Settings in Synthesis Report" option in "Analysis and Synthesis Settings -> More Settings" to "Off".


+----------------------------------------------------------------------------------------------------------------+
; Port Connectivity Checks: "bidirec:b1"                                                                         ;
+------+--------+----------+-------------------------------------------------------------------------------------+
; Port ; Type   ; Severity ; Details                                                                             ;
+------+--------+----------+-------------------------------------------------------------------------------------+
; outp ; Output ; Info     ; Connected to dangling logic. Logic that only feeds a dangling port will be removed. ;
+------+--------+----------+-------------------------------------------------------------------------------------+


+-----------------------------------------------------+
; Post-Synthesis Netlist Statistics for Top Partition ;
+-----------------------+-----------------------------+
; Type                  ; Count                       ;
+-----------------------+-----------------------------+
; arriav_ff             ; 12                          ;
;     plain             ; 12                          ;
; arriav_io_obuf        ; 1                           ;
; arriav_lcell_comb     ; 51                          ;
;     extend            ; 2                           ;
;         7 data inputs ; 2                           ;
;     normal            ; 49                          ;
;         1 data inputs ; 1                           ;
;         2 data inputs ; 6                           ;
;         3 data inputs ; 34                          ;
;         4 data inputs ; 3                           ;
;         5 data inputs ; 1                           ;
;         6 data inputs ; 4                           ;
; boundary_port         ; 20                          ;
;                       ;                             ;
; Max LUT depth         ; 4.00                        ;
; Average LUT depth     ; 1.97                        ;
+-----------------------+-----------------------------+


+-------------------------------+
; Elapsed Time Per Partition    ;
+----------------+--------------+
; Partition Name ; Elapsed Time ;
+----------------+--------------+
; Top            ; 00:00:01     ;
+----------------+--------------+


+-------------------------------+
; Analysis & Synthesis Messages ;
+-------------------------------+
Info: *******************************************************************
Info: Running Quartus Prime Analysis & Synthesis
    Info: Version 18.1.0 Build 625 09/12/2018 SJ Lite Edition
    Info: Processing started: Wed Oct 09 14:02:33 2019
Info: Command: quartus_map --read_settings_files=on --write_settings_files=off I2C -c I2C
Warning (18236): Number of processors has not been specified which may cause overloading on shared machines.  Set the global assignment NUM_PARALLEL_PROCESSORS in your QSF to an appropriate value for best performance.
Info (20030): Parallel compilation is enabled and will use 2 of the 2 processors detected
Info (12021): Found 1 design units, including 1 entities, in source file i2c.v
    Info (12023): Found entity 1: I2C File: C:/intelFPGA_lite/18.1/I2C/I2C.v Line: 1
Info (12021): Found 1 design units, including 1 entities, in source file bidirec.v
    Info (12023): Found entity 1: bidirec File: C:/intelFPGA_lite/18.1/I2C/bidirec.v Line: 1
Info (12127): Elaborating entity "I2C" for the top level hierarchy
Warning (10230): Verilog HDL assignment warning at I2C.v(66): truncated value with size 32 to match size of target (6) File: C:/intelFPGA_lite/18.1/I2C/I2C.v Line: 66
Warning (10270): Verilog HDL Case Statement warning at I2C.v(29): incomplete case statement has no default case item File: C:/intelFPGA_lite/18.1/I2C/I2C.v Line: 29
Info (10264): Verilog HDL Case Statement information at I2C.v(29): all case item expressions in this case statement are onehot File: C:/intelFPGA_lite/18.1/I2C/I2C.v Line: 29
Warning (10240): Verilog HDL Always Construct warning at I2C.v(29): inferring latch(es) for variable "NS", which holds its previous value in one or more paths through the always construct File: C:/intelFPGA_lite/18.1/I2C/I2C.v Line: 29
Warning (10240): Verilog HDL Always Construct warning at I2C.v(29): inferring latch(es) for variable "direction", which holds its previous value in one or more paths through the always construct File: C:/intelFPGA_lite/18.1/I2C/I2C.v Line: 29
Warning (10240): Verilog HDL Always Construct warning at I2C.v(29): inferring latch(es) for variable "inp", which holds its previous value in one or more paths through the always construct File: C:/intelFPGA_lite/18.1/I2C/I2C.v Line: 29
Warning (10240): Verilog HDL Always Construct warning at I2C.v(29): inferring latch(es) for variable "SCL", which holds its previous value in one or more paths through the always construct File: C:/intelFPGA_lite/18.1/I2C/I2C.v Line: 29
Warning (10240): Verilog HDL Always Construct warning at I2C.v(29): inferring latch(es) for variable "addrw", which holds its previous value in one or more paths through the always construct File: C:/intelFPGA_lite/18.1/I2C/I2C.v Line: 29
Warning (10240): Verilog HDL Always Construct warning at I2C.v(29): inferring latch(es) for variable "counter", which holds its previous value in one or more paths through the always construct File: C:/intelFPGA_lite/18.1/I2C/I2C.v Line: 29
Info (10041): Inferred latch for "counter[0]" at I2C.v(29) File: C:/intelFPGA_lite/18.1/I2C/I2C.v Line: 29
Info (10041): Inferred latch for "counter[1]" at I2C.v(29) File: C:/intelFPGA_lite/18.1/I2C/I2C.v Line: 29
Info (10041): Inferred latch for "counter[2]" at I2C.v(29) File: C:/intelFPGA_lite/18.1/I2C/I2C.v Line: 29
Info (10041): Inferred latch for "counter[3]" at I2C.v(29) File: C:/intelFPGA_lite/18.1/I2C/I2C.v Line: 29
Info (10041): Inferred latch for "counter[4]" at I2C.v(29) File: C:/intelFPGA_lite/18.1/I2C/I2C.v Line: 29
Info (10041): Inferred latch for "counter[5]" at I2C.v(29) File: C:/intelFPGA_lite/18.1/I2C/I2C.v Line: 29
Info (10041): Inferred latch for "addrw[0]" at I2C.v(29) File: C:/intelFPGA_lite/18.1/I2C/I2C.v Line: 29
Info (10041): Inferred latch for "addrw[1]" at I2C.v(29) File: C:/intelFPGA_lite/18.1/I2C/I2C.v Line: 29
Info (10041): Inferred latch for "addrw[2]" at I2C.v(29) File: C:/intelFPGA_lite/18.1/I2C/I2C.v Line: 29
Info (10041): Inferred latch for "addrw[3]" at I2C.v(29) File: C:/intelFPGA_lite/18.1/I2C/I2C.v Line: 29
Info (10041): Inferred latch for "addrw[4]" at I2C.v(29) File: C:/intelFPGA_lite/18.1/I2C/I2C.v Line: 29
Info (10041): Inferred latch for "addrw[5]" at I2C.v(29) File: C:/intelFPGA_lite/18.1/I2C/I2C.v Line: 29
Info (10041): Inferred latch for "addrw[6]" at I2C.v(29) File: C:/intelFPGA_lite/18.1/I2C/I2C.v Line: 29
Info (10041): Inferred latch for "addrw[7]" at I2C.v(29) File: C:/intelFPGA_lite/18.1/I2C/I2C.v Line: 29
Info (10041): Inferred latch for "SCL" at I2C.v(29) File: C:/intelFPGA_lite/18.1/I2C/I2C.v Line: 29
Info (10041): Inferred latch for "inp" at I2C.v(29) File: C:/intelFPGA_lite/18.1/I2C/I2C.v Line: 29
Info (10041): Inferred latch for "direction" at I2C.v(29) File: C:/intelFPGA_lite/18.1/I2C/I2C.v Line: 29
Info (10041): Inferred latch for "NS.setData" at I2C.v(29) File: C:/intelFPGA_lite/18.1/I2C/I2C.v Line: 29
Info (10041): Inferred latch for "NS.ackHoldStage" at I2C.v(29) File: C:/intelFPGA_lite/18.1/I2C/I2C.v Line: 29
Info (10041): Inferred latch for "NS.ackBeginStage" at I2C.v(29) File: C:/intelFPGA_lite/18.1/I2C/I2C.v Line: 29
Info (10041): Inferred latch for "NS.holdSlave" at I2C.v(29) File: C:/intelFPGA_lite/18.1/I2C/I2C.v Line: 29
Info (10041): Inferred latch for "NS.pauseSet" at I2C.v(29) File: C:/intelFPGA_lite/18.1/I2C/I2C.v Line: 29
Info (10041): Inferred latch for "NS.setSlave" at I2C.v(29) File: C:/intelFPGA_lite/18.1/I2C/I2C.v Line: 29
Info (10041): Inferred latch for "NS.pause" at I2C.v(29) File: C:/intelFPGA_lite/18.1/I2C/I2C.v Line: 29
Info (10041): Inferred latch for "NS.stopEnd" at I2C.v(29) File: C:/intelFPGA_lite/18.1/I2C/I2C.v Line: 29
Info (10041): Inferred latch for "NS.stopBegin" at I2C.v(29) File: C:/intelFPGA_lite/18.1/I2C/I2C.v Line: 29
Info (10041): Inferred latch for "NS.start" at I2C.v(29) File: C:/intelFPGA_lite/18.1/I2C/I2C.v Line: 29
Info (10041): Inferred latch for "NS.idle" at I2C.v(29) File: C:/intelFPGA_lite/18.1/I2C/I2C.v Line: 29
Info (12128): Elaborating entity "bidirec" for hierarchy "bidirec:b1" File: C:/intelFPGA_lite/18.1/I2C/I2C.v Line: 19
Warning (10036): Verilog HDL or VHDL warning at bidirec.v(12): object "b" assigned a value but never read File: C:/intelFPGA_lite/18.1/I2C/bidirec.v Line: 12
Warning (13012): Latch direction has unsafe behavior File: C:/intelFPGA_lite/18.1/I2C/I2C.v Line: 9
    Warning (13013): Ports D and ENA on the latch are fed by the same signal CS.setSlave File: C:/intelFPGA_lite/18.1/I2C/I2C.v Line: 14
Warning (13012): Latch counter[4] has unsafe behavior File: C:/intelFPGA_lite/18.1/I2C/I2C.v Line: 29
    Warning (13013): Ports D and ENA on the latch are fed by the same signal CS.holdSlave File: C:/intelFPGA_lite/18.1/I2C/I2C.v Line: 14
Warning (13012): Latch counter[3] has unsafe behavior File: C:/intelFPGA_lite/18.1/I2C/I2C.v Line: 29
    Warning (13013): Ports D and ENA on the latch are fed by the same signal CS.holdSlave File: C:/intelFPGA_lite/18.1/I2C/I2C.v Line: 14
Warning (13012): Latch counter[2] has unsafe behavior File: C:/intelFPGA_lite/18.1/I2C/I2C.v Line: 29
    Warning (13013): Ports D and ENA on the latch are fed by the same signal CS.holdSlave File: C:/intelFPGA_lite/18.1/I2C/I2C.v Line: 14
Warning (13012): Latch counter[1] has unsafe behavior File: C:/intelFPGA_lite/18.1/I2C/I2C.v Line: 29
    Warning (13013): Ports D and ENA on the latch are fed by the same signal CS.holdSlave File: C:/intelFPGA_lite/18.1/I2C/I2C.v Line: 14
Warning (13012): Latch counter[0] has unsafe behavior File: C:/intelFPGA_lite/18.1/I2C/I2C.v Line: 29
    Warning (13013): Ports D and ENA on the latch are fed by the same signal CS.holdSlave File: C:/intelFPGA_lite/18.1/I2C/I2C.v Line: 14
Warning (13012): Latch counter[5] has unsafe behavior File: C:/intelFPGA_lite/18.1/I2C/I2C.v Line: 29
    Warning (13013): Ports D and ENA on the latch are fed by the same signal CS.holdSlave File: C:/intelFPGA_lite/18.1/I2C/I2C.v Line: 14
Info (286030): Timing-Driven Synthesis is running
Info (17049): 6 registers lost all their fanouts during netlist optimizations.
Info (144001): Generated suppressed messages file C:/intelFPGA_lite/18.1/I2C/output_files/I2C.map.smsg
Info (16010): Generating hard_block partition "hard_block:auto_generated_inst"
    Info (16011): Adding 0 node(s), including 0 DDIO, 0 PLL, 0 transceiver and 0 LCELL
Warning (21074): Design contains 8 input pin(s) that do not drive logic
    Warning (15610): No output dependent on input pin "data[0]" File: C:/intelFPGA_lite/18.1/I2C/I2C.v Line: 3
    Warning (15610): No output dependent on input pin "data[1]" File: C:/intelFPGA_lite/18.1/I2C/I2C.v Line: 3
    Warning (15610): No output dependent on input pin "data[2]" File: C:/intelFPGA_lite/18.1/I2C/I2C.v Line: 3
    Warning (15610): No output dependent on input pin "data[3]" File: C:/intelFPGA_lite/18.1/I2C/I2C.v Line: 3
    Warning (15610): No output dependent on input pin "data[4]" File: C:/intelFPGA_lite/18.1/I2C/I2C.v Line: 3
    Warning (15610): No output dependent on input pin "data[5]" File: C:/intelFPGA_lite/18.1/I2C/I2C.v Line: 3
    Warning (15610): No output dependent on input pin "data[6]" File: C:/intelFPGA_lite/18.1/I2C/I2C.v Line: 3
    Warning (15610): No output dependent on input pin "data[7]" File: C:/intelFPGA_lite/18.1/I2C/I2C.v Line: 3
Info (21057): Implemented 82 device resources after synthesis - the final resource count might be different
    Info (21058): Implemented 18 input pins
    Info (21059): Implemented 1 output pins
    Info (21060): Implemented 1 bidirectional pins
    Info (21061): Implemented 62 logic cells
Info: Quartus Prime Analysis & Synthesis was successful. 0 errors, 33 warnings
    Info: Peak virtual memory: 4827 megabytes
    Info: Processing ended: Wed Oct 09 14:02:53 2019
    Info: Elapsed time: 00:00:20
    Info: Total CPU time (on all processors): 00:00:38


+------------------------------------------+
; Analysis & Synthesis Suppressed Messages ;
+------------------------------------------+
The suppressed messages can be found in C:/intelFPGA_lite/18.1/I2C/output_files/I2C.map.smsg.


